
> backend@1.0.0 dev
> nodemon server.js

[33m[nodemon] 3.1.11[39m
[33m[nodemon] to restart at any time, enter `rs`[39m
[33m[nodemon] watching path(s): *.*[39m
[33m[nodemon] watching extensions: js,mjs,cjs,json[39m
[32m[nodemon] starting `node server.js`[39m
[dotenv@17.3.1] injecting env (5) from .env -- tip: 🔐 prevent building .env in docker: https://dotenvx.com/prebuild
MongoDB Connected
Server running on port 5000
[32m[nodemon] restarting due to changes...[39m
[32m[nodemon] starting `node server.js`[39m
[dotenv@17.3.1] injecting env (5) from .env -- tip: ⚙️  load multiple .env files with { path: ['.env.local', '.env'] }
MongoDB Connected
Server running on port 5000
[32m[nodemon] restarting due to changes...[39m
[32m[nodemon] starting `node server.js`[39m
[dotenv@17.3.1] injecting env (5) from .env -- tip: ⚙️  suppress all logs with { quiet: true }
MongoDB Connected
Server running on port 5000
[32m[nodemon] restarting due to changes...[39m
[32m[nodemon] starting `node server.js`[39m
[dotenv@17.3.1] injecting env (5) from .env -- tip: 🛠️  run anywhere with `dotenvx run -- yourcommand`
MongoDB Connected
Server running on port 5000
[31m[nodemon] app crashed - waiting for file changes before starting...[39m
[32m[nodemon] restarting child process[39m
[32m[nodemon] starting `node server.js`[39m
[dotenv@17.3.1] injecting env (5) from .env -- tip: 🤖 agentic secret storage: https://dotenvx.com/as2
MongoDB Connected
Server running on port 5000
